<?xml version="1.0" encoding="UTF-8" standalone="yes"?>
<testsuites name="New Test Suite" time="9" tests="2" failures="0" errors="0">
    <testsuite name="New Test Suite" tests="2" failures="0" errors="0" time="9" timestamp="2019-10-06 21:13:41" hostname="Sri - DESKTOP-9B3G1M9" id="Test Suites/New Test Suite">
        <properties>
            <property name="deviceName" value=""/>
            <property name="devicePlatform" value=""/>
            <property name="logFolder" value="C:\\Users\\Sri\\Katalon Studio\\APIAutomationTesting\\Reports\\20191006_211334\\New Test Suite\\20191006_211335"/>
            <property name="logFiles" value="C:\\Users\\Sri\\Katalon Studio\\APIAutomationTesting\\Reports\\20191006_211334\\New Test Suite\\20191006_211335\\execution0.log"/>
            <property name="attachments" value=""/>
            <property name="hostName" value="Sri - DESKTOP-9B3G1M9"/>
            <property name="hostAddress" value="192.168.43.249"/>
            <property name="os" value="Windows 10 64bit"/>
            <property name="katalonVersion" value="6.3.3.11"/>
        </properties>
        <testcase name="Test Cases/List and create users/Create Users" classname="Test Cases/List and create users/Create Users" status="PASSED">
            <system-out>2019-10-06 21:13:42 - [TEST_CASE][PASSED] - Test Cases/List and create users/Create Users: Test Cases/List and create users/Create Users&#xD;
&#xD;
2019-10-06 21:13:43 - [TEST_STEP][PASSED] - createuser = sendRequest(findTestObject("reqres/Create new User")): Send request successfully&#xD;
&#xD;
2019-10-06 21:13:49 - [MESSAGE][INFO] - HAR: C:\Users\Sri\Katalon Studio\APIAutomationTesting\Reports\20191006_211334\New Test Suite\20191006_211335\requests\main\0.har&#xD;
&#xD;
2019-10-06 21:13:49 - [MESSAGE][PASSED] - Send request successfully&#xD;
&#xD;
2019-10-06 21:13:49 - [TEST_STEP][PASSED] - verifyResponseStatusCode(createuser, 201): Verify response status code successfully&#xD;
&#xD;
2019-10-06 21:13:49 - [MESSAGE][PASSED] - Verify response status code successfully</system-out>
            <system-err></system-err>
        </testcase>
        <testcase name="Test Cases/List and create users/List users" classname="Test Cases/List and create users/List users" status="PASSED">
            <system-out>2019-10-06 21:13:49 - [TEST_CASE][PASSED] - Test Cases/List and create users/List users: Test Cases/List and create users/List users&#xD;
&#xD;
2019-10-06 21:13:50 - [TEST_STEP][PASSED] - listusers = sendRequest(findTestObject("reqres/List all users")): Send request successfully&#xD;
&#xD;
2019-10-06 21:13:50 - [MESSAGE][INFO] - HAR: C:\Users\Sri\Katalon Studio\APIAutomationTesting\Reports\20191006_211334\New Test Suite\20191006_211335\requests\main\1.har&#xD;
&#xD;
2019-10-06 21:13:50 - [MESSAGE][PASSED] - Send request successfully&#xD;
&#xD;
2019-10-06 21:13:50 - [TEST_STEP][PASSED] - verifyResponseStatusCode(listusers, 200): Verify response status code successfully&#xD;
&#xD;
2019-10-06 21:13:50 - [MESSAGE][PASSED] - Verify response status code successfully</system-out>
            <system-err></system-err>
        </testcase>
        <system-out>2019-10-06 21:13:41 - [TEST_SUITE][INCOMPLETE] - New Test Suite: null</system-out>
        <system-err>2019-10-06 21:13:41 - [TEST_SUITE][INCOMPLETE] - New Test Suite: null</system-err>
    </testsuite>
</testsuites>
